2024-04-28 18:13:43,717 - action_logger - INFO - Test run created with ID: 40baf2e4-3935-402d-b22f-e2593148655f
2024-04-28 18:13:43,886 - action_logger - INFO - Test created with ID: 9363191d-e584-4f3a-a811-c46d16e0214a
2024-04-28 18:13:43,940 - action_logger - INFO - Test finished with ID: 9363191d-e584-4f3a-a811-c46d16e0214a
2024-04-28 18:13:43,952 - action_logger - INFO - Test created with ID: 97789163-99b3-4e9a-bed8-ce15bc67026b
2024-04-28 18:13:43,966 - action_logger - INFO - Test finished with ID: 97789163-99b3-4e9a-bed8-ce15bc67026b
2024-04-28 18:13:43,977 - action_logger - INFO - Test created with ID: 834b39b9-010f-4d29-8851-a1cd853637fc
2024-04-28 18:13:43,991 - action_logger - INFO - Test finished with ID: 834b39b9-010f-4d29-8851-a1cd853637fc
2024-04-28 18:13:44,006 - action_logger - INFO - Test created with ID: 75d0447b-ff0f-4e8d-8299-4b0da6895f40
2024-04-28 18:13:44,048 - action_logger - INFO - Test finished with ID: 75d0447b-ff0f-4e8d-8299-4b0da6895f40
2024-04-28 18:13:44,060 - action_logger - INFO - Test created with ID: 6cedb841-ff67-46c0-838c-eafdb81f9c90
2024-04-28 18:13:44,074 - action_logger - INFO - Test finished with ID: 6cedb841-ff67-46c0-838c-eafdb81f9c90
2024-04-28 18:13:44,087 - action_logger - INFO - Test created with ID: 2e20dc67-a8f2-4ad7-b9dc-ab63f292ab0c
2024-04-28 18:13:44,099 - action_logger - INFO - Test finished with ID: 2e20dc67-a8f2-4ad7-b9dc-ab63f292ab0c
2024-04-28 18:13:44,113 - action_logger - INFO - Test created with ID: 2aea1c29-bd29-43c0-83f3-d85709b34dfb
2024-04-28 18:13:44,127 - action_logger - INFO - Test finished with ID: 2aea1c29-bd29-43c0-83f3-d85709b34dfb
2024-04-28 18:13:44,139 - action_logger - INFO - Test created with ID: ba4ace54-ca53-4bab-b725-a230b03e0bd5
2024-04-28 18:13:44,156 - action_logger - INFO - Test finished with ID: ba4ace54-ca53-4bab-b725-a230b03e0bd5
2024-04-28 18:13:44,169 - action_logger - INFO - Test created with ID: 17ac74c2-c666-481a-8a46-e8709c9f8b9e
2024-04-28 18:13:44,659 - action_logger - INFO - Test finished with ID: 17ac74c2-c666-481a-8a46-e8709c9f8b9e
2024-04-28 18:13:44,679 - action_logger - INFO - Test run finished with ID: 40baf2e4-3935-402d-b22f-e2593148655f
2024-04-28 18:28:45,758 - action_logger - INFO - Test run created with ID: e49c9080-5c29-47c9-91b8-c746a7e4bbe8
2024-04-28 18:28:45,930 - action_logger - INFO - Test created with ID: 4b734d8d-2473-41f9-aad3-00745542f0e2
2024-04-28 18:28:45,984 - action_logger - INFO - Test finished with ID: 4b734d8d-2473-41f9-aad3-00745542f0e2
2024-04-28 18:28:45,997 - action_logger - INFO - Test created with ID: e737b6c1-991d-483d-aa9b-28947b722e5a
2024-04-28 18:28:46,011 - action_logger - INFO - Test finished with ID: e737b6c1-991d-483d-aa9b-28947b722e5a
2024-04-28 18:28:46,023 - action_logger - INFO - Test created with ID: 3ee7c27d-51be-4b62-a967-25d0f6c8c371
2024-04-28 18:28:46,037 - action_logger - INFO - Test finished with ID: 3ee7c27d-51be-4b62-a967-25d0f6c8c371
2024-04-28 18:28:46,049 - action_logger - INFO - Test created with ID: f2a80ad2-ea99-41ac-a9c1-172abd47ff80
2024-04-28 18:28:46,089 - action_logger - INFO - Test finished with ID: f2a80ad2-ea99-41ac-a9c1-172abd47ff80
2024-04-28 18:28:46,101 - action_logger - INFO - Test created with ID: edecbb77-de8d-43f3-b070-04b12b1acfff
2024-04-28 18:28:46,116 - action_logger - INFO - Test finished with ID: edecbb77-de8d-43f3-b070-04b12b1acfff
2024-04-28 18:28:46,129 - action_logger - INFO - Test created with ID: 471a63ba-f617-4b39-a132-26457727dbf8
2024-04-28 18:28:46,142 - action_logger - INFO - Test finished with ID: 471a63ba-f617-4b39-a132-26457727dbf8
2024-04-28 18:28:46,153 - action_logger - INFO - Test created with ID: 0091d10c-5255-44bc-9ffb-dc7f83589286
2024-04-28 18:28:46,168 - action_logger - INFO - Test finished with ID: 0091d10c-5255-44bc-9ffb-dc7f83589286
2024-04-28 18:28:46,179 - action_logger - INFO - Test created with ID: ac1f1703-33d5-4461-a388-a37cfb7a2aaf
2024-04-28 18:28:46,196 - action_logger - INFO - Test finished with ID: ac1f1703-33d5-4461-a388-a37cfb7a2aaf
2024-04-28 18:28:46,208 - action_logger - INFO - Test created with ID: f3e2f2ca-3888-4f65-87b4-13812c13f247
2024-04-28 18:28:46,686 - action_logger - INFO - Test finished with ID: f3e2f2ca-3888-4f65-87b4-13812c13f247
2024-04-28 18:28:46,704 - action_logger - INFO - Test run finished with ID: e49c9080-5c29-47c9-91b8-c746a7e4bbe8
2024-04-28 18:34:13,092 - action_logger - INFO - Test run created with ID: da955a4a-e02a-452d-8de9-c5f47b98c1cc
2024-04-28 18:34:13,271 - action_logger - INFO - Test created with ID: e93690a5-0866-482a-912c-b18f72a90a81
2024-04-28 18:34:13,326 - action_logger - INFO - Test finished with ID: e93690a5-0866-482a-912c-b18f72a90a81
2024-04-28 18:34:13,339 - action_logger - INFO - Test created with ID: 0fb4b69d-f686-4227-bcaf-f8a12d8a8339
2024-04-28 18:34:13,352 - action_logger - INFO - Test finished with ID: 0fb4b69d-f686-4227-bcaf-f8a12d8a8339
2024-04-28 18:34:13,365 - action_logger - INFO - Test created with ID: 933be231-9864-4a30-a8d6-c7bba32889f2
2024-04-28 18:34:13,378 - action_logger - INFO - Test finished with ID: 933be231-9864-4a30-a8d6-c7bba32889f2
2024-04-28 18:34:13,390 - action_logger - INFO - Test created with ID: d2c97903-a8eb-4b53-a883-ab1408a62e6d
2024-04-28 18:34:13,435 - action_logger - INFO - Test finished with ID: d2c97903-a8eb-4b53-a883-ab1408a62e6d
2024-04-28 18:34:13,449 - action_logger - INFO - Test created with ID: 0201a667-4c84-4ea5-806d-9a72ad2ac296
2024-04-28 18:34:13,464 - action_logger - INFO - Test finished with ID: 0201a667-4c84-4ea5-806d-9a72ad2ac296
2024-04-28 18:34:13,477 - action_logger - INFO - Test created with ID: 531068aa-b508-4e0a-8aee-147c4032e623
2024-04-28 18:34:13,490 - action_logger - INFO - Test finished with ID: 531068aa-b508-4e0a-8aee-147c4032e623
2024-04-28 18:34:13,502 - action_logger - INFO - Test created with ID: 208b5968-5fd1-45c6-b500-a61d7e15f794
2024-04-28 18:34:13,514 - action_logger - INFO - Test finished with ID: 208b5968-5fd1-45c6-b500-a61d7e15f794
2024-04-28 18:34:13,527 - action_logger - INFO - Test created with ID: 238aa2e2-e3dc-4328-811b-b9b8299620ec
2024-04-28 18:34:13,541 - action_logger - INFO - Test finished with ID: 238aa2e2-e3dc-4328-811b-b9b8299620ec
2024-04-28 18:34:13,555 - action_logger - INFO - Test created with ID: e4f00328-5f55-4a93-82f9-046702bd2ea0
2024-04-28 18:34:14,032 - action_logger - INFO - Test finished with ID: e4f00328-5f55-4a93-82f9-046702bd2ea0
2024-04-28 18:34:14,053 - action_logger - INFO - Test run finished with ID: da955a4a-e02a-452d-8de9-c5f47b98c1cc
2024-04-28 18:41:20,812 - action_logger - INFO - Test run created with ID: c4a70ca8-c3a2-4b81-9fec-747802ea5575
2024-04-28 18:41:20,984 - action_logger - INFO - Test created with ID: ff30f2a0-94db-4a87-84af-b4511024741f
2024-04-28 18:41:21,035 - action_logger - INFO - Test finished with ID: ff30f2a0-94db-4a87-84af-b4511024741f
2024-04-28 18:41:21,048 - action_logger - INFO - Test created with ID: 2480a3ac-0849-4ff4-a85f-af4d4909150f
2024-04-28 18:41:21,066 - action_logger - INFO - Test finished with ID: 2480a3ac-0849-4ff4-a85f-af4d4909150f
2024-04-28 18:41:21,078 - action_logger - INFO - Test created with ID: d2d3cdd5-2bc9-4a16-bdf3-a3c63b44b413
2024-04-28 18:41:21,092 - action_logger - INFO - Test finished with ID: d2d3cdd5-2bc9-4a16-bdf3-a3c63b44b413
2024-04-28 18:41:21,103 - action_logger - INFO - Test created with ID: 6c371138-9179-49d4-9196-3c704fb5b7b5
2024-04-28 18:41:21,146 - action_logger - INFO - Test finished with ID: 6c371138-9179-49d4-9196-3c704fb5b7b5
2024-04-28 18:41:21,159 - action_logger - INFO - Test created with ID: 32e54fcb-474b-4025-abd0-dd3407c220be
2024-04-28 18:41:21,176 - action_logger - INFO - Test finished with ID: 32e54fcb-474b-4025-abd0-dd3407c220be
2024-04-28 18:41:21,189 - action_logger - INFO - Test created with ID: c4bd7016-4bf9-451d-bfef-8a7b5c8a839e
2024-04-28 18:41:21,202 - action_logger - INFO - Test finished with ID: c4bd7016-4bf9-451d-bfef-8a7b5c8a839e
2024-04-28 18:41:21,214 - action_logger - INFO - Test created with ID: df14d390-bbc2-4383-b240-336b15e5e24d
2024-04-28 18:41:21,227 - action_logger - INFO - Test finished with ID: df14d390-bbc2-4383-b240-336b15e5e24d
2024-04-28 18:41:21,238 - action_logger - INFO - Test created with ID: 356a5029-b454-4d61-870b-c3f89b3d0fd6
2024-04-28 18:41:21,252 - action_logger - INFO - Test finished with ID: 356a5029-b454-4d61-870b-c3f89b3d0fd6
2024-04-28 18:41:21,264 - action_logger - INFO - Test created with ID: c5fd1f1d-1f64-4229-a2ac-72fda0071adb
2024-04-28 18:41:21,719 - action_logger - INFO - Test finished with ID: c5fd1f1d-1f64-4229-a2ac-72fda0071adb
2024-04-28 18:41:21,737 - action_logger - INFO - Test run finished with ID: c4a70ca8-c3a2-4b81-9fec-747802ea5575
2024-04-28 18:42:40,573 - action_logger - INFO - Test run created with ID: 68d2c71a-cc36-4bee-be5a-fd7e570ca863
2024-04-28 18:42:40,743 - action_logger - INFO - Test created with ID: 13d05689-d543-4332-a5a3-fd2f3801863b
2024-04-28 18:42:40,793 - action_logger - INFO - Test finished with ID: 13d05689-d543-4332-a5a3-fd2f3801863b
2024-04-28 18:42:40,806 - action_logger - INFO - Test created with ID: a53408c5-4bf1-4eb2-8753-1dfb994181d8
2024-04-28 18:42:40,818 - action_logger - INFO - Test finished with ID: a53408c5-4bf1-4eb2-8753-1dfb994181d8
2024-04-28 18:42:40,830 - action_logger - INFO - Test created with ID: e088b1fe-03e5-4066-add4-824564d3b250
2024-04-28 18:42:40,844 - action_logger - INFO - Test finished with ID: e088b1fe-03e5-4066-add4-824564d3b250
2024-04-28 18:42:40,855 - action_logger - INFO - Test created with ID: ec521724-5e28-4ef2-b7c5-72194230caf9
2024-04-28 18:42:40,899 - action_logger - INFO - Test finished with ID: ec521724-5e28-4ef2-b7c5-72194230caf9
2024-04-28 18:42:40,910 - action_logger - INFO - Test created with ID: 04bba2ee-a4f7-4790-b95b-5902c999883c
2024-04-28 18:42:40,926 - action_logger - INFO - Test finished with ID: 04bba2ee-a4f7-4790-b95b-5902c999883c
2024-04-28 18:42:40,936 - action_logger - INFO - Test created with ID: 5d211143-c4fb-41e1-9aa0-84a71be067d2
2024-04-28 18:42:40,951 - action_logger - INFO - Test finished with ID: 5d211143-c4fb-41e1-9aa0-84a71be067d2
2024-04-28 18:42:40,963 - action_logger - INFO - Test created with ID: 16ba72db-a17e-4ac2-a259-cfe57ee7a156
2024-04-28 18:42:40,978 - action_logger - INFO - Test finished with ID: 16ba72db-a17e-4ac2-a259-cfe57ee7a156
2024-04-28 18:42:40,989 - action_logger - INFO - Test created with ID: 9249d4ee-3eb4-4161-af8c-8f17fd2aa7c3
2024-04-28 18:42:41,006 - action_logger - INFO - Test finished with ID: 9249d4ee-3eb4-4161-af8c-8f17fd2aa7c3
2024-04-28 18:42:41,018 - action_logger - INFO - Test created with ID: d0e61e2a-6d54-4795-9704-4e9c59830c90
2024-04-28 18:42:41,472 - action_logger - INFO - Test finished with ID: d0e61e2a-6d54-4795-9704-4e9c59830c90
2024-04-28 18:42:41,491 - action_logger - INFO - Test run finished with ID: 68d2c71a-cc36-4bee-be5a-fd7e570ca863
2024-04-29 01:59:49,792 - action_logger - INFO - Test run created with ID: 87ae6a2e-7ab5-412d-8f97-c716d655864d
2024-04-29 01:59:49,910 - action_logger - INFO - Test created with ID: 82fa17d9-edb8-4107-86da-159881691597
2024-04-29 01:59:49,955 - action_logger - INFO - Test finished with ID: 82fa17d9-edb8-4107-86da-159881691597
2024-04-29 01:59:49,968 - action_logger - INFO - Test created with ID: 43922fe7-c5c1-4fed-ba43-710b154fb367
2024-04-29 01:59:49,977 - action_logger - INFO - Test finished with ID: 43922fe7-c5c1-4fed-ba43-710b154fb367
2024-04-29 01:59:49,989 - action_logger - INFO - Test created with ID: 1528a9d5-cae2-4001-adfb-8c707965edf5
2024-04-29 01:59:50,000 - action_logger - INFO - Test finished with ID: 1528a9d5-cae2-4001-adfb-8c707965edf5
2024-04-29 01:59:50,010 - action_logger - INFO - Test created with ID: eceba9a6-968e-4949-a24a-cf40853db964
2024-04-29 01:59:50,044 - action_logger - INFO - Test finished with ID: eceba9a6-968e-4949-a24a-cf40853db964
2024-04-29 01:59:50,055 - action_logger - INFO - Test created with ID: e84bac6c-e2e5-48c7-9338-2dbfce4ab2e6
2024-04-29 01:59:50,065 - action_logger - INFO - Test finished with ID: e84bac6c-e2e5-48c7-9338-2dbfce4ab2e6
2024-04-29 01:59:50,077 - action_logger - INFO - Test created with ID: 2c69f1a8-c0cd-40b3-b7d5-ad1dae740da6
2024-04-29 01:59:50,087 - action_logger - INFO - Test finished with ID: 2c69f1a8-c0cd-40b3-b7d5-ad1dae740da6
2024-04-29 01:59:50,098 - action_logger - INFO - Test created with ID: f366187c-7186-419d-81ed-71e58435d425
2024-04-29 01:59:50,107 - action_logger - INFO - Test finished with ID: f366187c-7186-419d-81ed-71e58435d425
2024-04-29 01:59:50,118 - action_logger - INFO - Test created with ID: 36ab12fa-ea44-4a83-8dd1-80e741ec916b
2024-04-29 01:59:50,133 - action_logger - INFO - Test finished with ID: 36ab12fa-ea44-4a83-8dd1-80e741ec916b
2024-04-29 01:59:50,143 - action_logger - INFO - Test created with ID: 1c0eb2f4-e623-4f4d-8c38-25061e744190
2024-04-29 01:59:51,049 - action_logger - INFO - Test finished with ID: 1c0eb2f4-e623-4f4d-8c38-25061e744190
2024-04-29 01:59:51,093 - action_logger - INFO - Test run finished with ID: 87ae6a2e-7ab5-412d-8f97-c716d655864d
2024-04-29 03:22:09,803 - action_logger - INFO - Test run created with ID: f604c261-61f2-4de7-8374-c30212b7314a
2024-04-29 03:22:10,126 - action_logger - INFO - Test finished with ID: c67ab890-0542-4c9b-99cd-82444e9ea41d
2024-04-29 03:22:10,131 - action_logger - INFO - Test finished with ID: 6382091a-659f-48b3-81c0-9257e9fd510c
2024-04-29 03:22:10,137 - action_logger - INFO - Test finished with ID: bec96fb0-4322-474d-b3b8-d28fe3d1fe72
2024-04-29 03:22:10,156 - action_logger - INFO - Test finished with ID: caf82adf-2865-411e-80ef-42e81189f9fc
2024-04-29 03:22:10,165 - action_logger - INFO - Test finished with ID: 759ee4da-ce8d-4465-abee-03cfc8a0e098
2024-04-29 03:22:10,174 - action_logger - INFO - Test finished with ID: 36cc9a19-b05b-4ee7-817b-103f2afe081c
2024-04-29 03:22:10,181 - action_logger - INFO - Test finished with ID: ca7400e6-039b-4b8a-907b-59bfff9e5599
2024-04-29 03:22:10,193 - action_logger - INFO - Test finished with ID: ac2530e6-90cd-4d71-9623-92b123fcc727
2024-04-29 03:22:10,433 - action_logger - INFO - Test finished with ID: ae0be95a-d31d-4dd8-a865-0abde2d4d313
2024-04-29 03:28:59,155 - action_logger - INFO - Test run created with ID: af5ee378-207e-4878-8f5d-c11011ffd41e
2024-04-29 03:28:59,249 - action_logger - INFO - Test created with ID: bf63a7fe-18b7-4018-8292-6748b43a414e
2024-04-29 03:28:59,263 - action_logger - INFO - Test finished with ID: bf63a7fe-18b7-4018-8292-6748b43a414e
2024-04-29 03:28:59,275 - action_logger - INFO - Test created with ID: 958eed01-b682-487a-b690-2b0ce2597ed4
2024-04-29 03:28:59,286 - action_logger - INFO - Test finished with ID: 958eed01-b682-487a-b690-2b0ce2597ed4
2024-04-29 03:28:59,299 - action_logger - INFO - Test created with ID: d8936178-f9e0-4623-b9bf-21b1ed934109
2024-04-29 03:28:59,312 - action_logger - INFO - Test finished with ID: d8936178-f9e0-4623-b9bf-21b1ed934109
2024-04-29 03:28:59,324 - action_logger - INFO - Test created with ID: 329d6392-ea3d-4660-b4b8-e792bf592d82
2024-04-29 03:28:59,351 - action_logger - INFO - Test finished with ID: 329d6392-ea3d-4660-b4b8-e792bf592d82
2024-04-29 03:28:59,361 - action_logger - INFO - Test created with ID: 4f6b7c93-79dc-489a-a3fd-6e0b6eb329a5
2024-04-29 03:28:59,374 - action_logger - INFO - Test finished with ID: 4f6b7c93-79dc-489a-a3fd-6e0b6eb329a5
2024-04-29 03:28:59,386 - action_logger - INFO - Test created with ID: 3b492be4-865c-4dee-ae87-6871f836f0d6
2024-04-29 03:28:59,399 - action_logger - INFO - Test finished with ID: 3b492be4-865c-4dee-ae87-6871f836f0d6
2024-04-29 03:28:59,410 - action_logger - INFO - Test created with ID: 94f85bc7-8224-4278-8107-d475b9e83d49
2024-04-29 03:28:59,423 - action_logger - INFO - Test finished with ID: 94f85bc7-8224-4278-8107-d475b9e83d49
2024-04-29 03:28:59,434 - action_logger - INFO - Test created with ID: 8bddb29d-1151-47a7-9e1f-c9aa0599106a
2024-04-29 03:28:59,452 - action_logger - INFO - Test finished with ID: 8bddb29d-1151-47a7-9e1f-c9aa0599106a
2024-04-29 03:28:59,463 - action_logger - INFO - Test created with ID: 2430db25-284c-4b0e-862e-7d8432ad43b6
2024-04-29 03:28:59,702 - action_logger - INFO - Test finished with ID: 2430db25-284c-4b0e-862e-7d8432ad43b6
2024-04-29 03:28:59,718 - action_logger - INFO - Test run finished with ID: af5ee378-207e-4878-8f5d-c11011ffd41e
2024-04-29 03:34:02,403 - action_logger - INFO - Test created with ID: bf6dfd6e-9f54-4112-b47e-d7f37a9e99b1
2024-04-29 03:34:02,416 - action_logger - INFO - Test finished with ID: bf6dfd6e-9f54-4112-b47e-d7f37a9e99b1
2024-04-29 03:34:02,426 - action_logger - INFO - Test created with ID: e29802a9-860d-409e-8fda-c66fa70cdcd0
2024-04-29 03:34:02,443 - action_logger - INFO - Test finished with ID: e29802a9-860d-409e-8fda-c66fa70cdcd0
2024-04-29 03:34:02,453 - action_logger - INFO - Test created with ID: dedbef2b-67fd-47aa-9c13-fcf9d29f88dc
2024-04-29 03:34:02,467 - action_logger - INFO - Test finished with ID: dedbef2b-67fd-47aa-9c13-fcf9d29f88dc
2024-04-29 03:34:02,479 - action_logger - INFO - Test created with ID: cfdac731-239c-4532-af68-4cb2cabe13fb
2024-04-29 03:34:02,507 - action_logger - INFO - Test finished with ID: cfdac731-239c-4532-af68-4cb2cabe13fb
2024-04-29 03:34:02,517 - action_logger - INFO - Test created with ID: b0e2d30f-2274-43fc-8635-f7c8f81651c9
2024-04-29 03:34:02,530 - action_logger - INFO - Test finished with ID: b0e2d30f-2274-43fc-8635-f7c8f81651c9
2024-04-29 03:34:02,541 - action_logger - INFO - Test created with ID: e017b363-c2de-4253-b733-b7ad22ee2ccc
2024-04-29 03:34:02,553 - action_logger - INFO - Test finished with ID: e017b363-c2de-4253-b733-b7ad22ee2ccc
2024-04-29 03:34:02,566 - action_logger - INFO - Test created with ID: 02e3c92e-e513-460d-8f54-fe02762407ad
2024-04-29 03:34:02,578 - action_logger - INFO - Test finished with ID: 02e3c92e-e513-460d-8f54-fe02762407ad
2024-04-29 03:34:02,589 - action_logger - INFO - Test created with ID: a7d6be3a-10b7-41dd-b539-e057736e5bf2
2024-04-29 03:34:02,603 - action_logger - INFO - Test finished with ID: a7d6be3a-10b7-41dd-b539-e057736e5bf2
2024-04-29 03:34:02,612 - action_logger - INFO - Test created with ID: f0f5d3ea-83e2-42a5-aa82-25e88ed117d9
2024-04-29 03:34:02,848 - action_logger - INFO - Test finished with ID: f0f5d3ea-83e2-42a5-aa82-25e88ed117d9
2024-04-29 03:34:26,614 - action_logger - INFO - Test run created with ID: eee50d6f-2043-4887-8510-9bac40323855
2024-04-29 03:34:26,711 - action_logger - INFO - Test created with ID: 8cee2db4-0add-4a2a-8705-ab70670eaf0e
2024-04-29 03:34:26,726 - action_logger - INFO - Test finished with ID: 8cee2db4-0add-4a2a-8705-ab70670eaf0e
2024-04-29 03:34:26,735 - action_logger - INFO - Test created with ID: bd08430d-b732-4934-aa8f-c5b8d4b6d73a
2024-04-29 03:34:26,749 - action_logger - INFO - Test finished with ID: bd08430d-b732-4934-aa8f-c5b8d4b6d73a
2024-04-29 03:34:26,758 - action_logger - INFO - Test created with ID: 372632a9-2419-4fa9-9f07-b32d0f19cb27
2024-04-29 03:34:26,767 - action_logger - INFO - Test finished with ID: 372632a9-2419-4fa9-9f07-b32d0f19cb27
2024-04-29 03:34:26,776 - action_logger - INFO - Test created with ID: c3b5e124-50f3-4449-8391-961eea73e902
2024-04-29 03:34:26,798 - action_logger - INFO - Test finished with ID: c3b5e124-50f3-4449-8391-961eea73e902
2024-04-29 03:34:26,810 - action_logger - INFO - Test created with ID: 4c07cbbc-d5a8-4ed3-b88c-605aa1c00628
2024-04-29 03:34:26,820 - action_logger - INFO - Test finished with ID: 4c07cbbc-d5a8-4ed3-b88c-605aa1c00628
2024-04-29 03:34:26,830 - action_logger - INFO - Test created with ID: 17d7170e-7f57-4d12-8db1-9ae34df79642
2024-04-29 03:34:26,839 - action_logger - INFO - Test finished with ID: 17d7170e-7f57-4d12-8db1-9ae34df79642
2024-04-29 03:34:26,848 - action_logger - INFO - Test created with ID: b5cf6cf1-9183-404f-91a0-6d93cc12e3a6
2024-04-29 03:34:26,857 - action_logger - INFO - Test finished with ID: b5cf6cf1-9183-404f-91a0-6d93cc12e3a6
2024-04-29 03:34:26,866 - action_logger - INFO - Test created with ID: 872e302d-3bc2-4003-b953-fe3c27dfc910
2024-04-29 03:34:26,876 - action_logger - INFO - Test finished with ID: 872e302d-3bc2-4003-b953-fe3c27dfc910
2024-04-29 03:34:26,885 - action_logger - INFO - Test created with ID: 91f9ede8-f194-45c2-a5e5-2a2a7a2f80ba
2024-04-29 03:34:27,115 - action_logger - INFO - Test finished with ID: 91f9ede8-f194-45c2-a5e5-2a2a7a2f80ba
2024-04-29 03:34:27,127 - action_logger - INFO - Test run finished with ID: eee50d6f-2043-4887-8510-9bac40323855
2024-04-29 03:37:39,246 - action_logger - INFO - Test created with ID: c5a45ed0-f8e7-4d4f-bb36-b717202a5296
2024-04-29 03:37:39,259 - action_logger - INFO - Test finished with ID: c5a45ed0-f8e7-4d4f-bb36-b717202a5296
2024-04-29 03:37:39,268 - action_logger - INFO - Test created with ID: d8b4718e-844e-4596-a84e-c9acd9bc83fd
2024-04-29 03:37:39,280 - action_logger - INFO - Test finished with ID: d8b4718e-844e-4596-a84e-c9acd9bc83fd
2024-04-29 03:37:39,292 - action_logger - INFO - Test created with ID: da6229bb-e3d3-4236-97d0-f7a412ef7624
2024-04-29 03:37:39,304 - action_logger - INFO - Test finished with ID: da6229bb-e3d3-4236-97d0-f7a412ef7624
2024-04-29 03:37:39,313 - action_logger - INFO - Test created with ID: 07572b61-cafd-4a87-816d-304c8f549f3b
2024-04-29 03:37:39,341 - action_logger - INFO - Test finished with ID: 07572b61-cafd-4a87-816d-304c8f549f3b
2024-04-29 03:37:39,350 - action_logger - INFO - Test created with ID: 776390d4-bc2c-42e9-bd48-105d36430013
2024-04-29 03:37:39,361 - action_logger - INFO - Test finished with ID: 776390d4-bc2c-42e9-bd48-105d36430013
2024-04-29 03:37:39,370 - action_logger - INFO - Test created with ID: d7bcbd30-9e01-4a00-bd69-16ca15ecddd3
2024-04-29 03:37:39,380 - action_logger - INFO - Test finished with ID: d7bcbd30-9e01-4a00-bd69-16ca15ecddd3
2024-04-29 03:37:39,388 - action_logger - INFO - Test created with ID: 4de0a400-8ec6-4641-a809-28641faed765
2024-04-29 03:37:39,399 - action_logger - INFO - Test finished with ID: 4de0a400-8ec6-4641-a809-28641faed765
2024-04-29 03:37:39,407 - action_logger - INFO - Test created with ID: 5cd05ee3-6a75-4eb7-8b1d-2b863489513d
2024-04-29 03:37:39,419 - action_logger - INFO - Test finished with ID: 5cd05ee3-6a75-4eb7-8b1d-2b863489513d
2024-04-29 03:37:39,427 - action_logger - INFO - Test created with ID: 3e357e18-fea6-45a0-b78f-0abec6d34130
2024-04-29 03:37:39,663 - action_logger - INFO - Test finished with ID: 3e357e18-fea6-45a0-b78f-0abec6d34130
2024-04-29 03:37:53,726 - action_logger - INFO - Test run created with ID: 1de27b73-30ac-4ad0-afbe-45d054e3e5ea
2024-04-29 03:37:53,832 - action_logger - INFO - Test created with ID: 452ee681-ab11-427a-836c-617dd7e29764
2024-04-29 03:37:53,848 - action_logger - INFO - Test finished with ID: 452ee681-ab11-427a-836c-617dd7e29764
2024-04-29 03:37:53,861 - action_logger - INFO - Test created with ID: 4171cda5-5ddb-47b0-8405-5e6753bed88b
2024-04-29 03:37:53,872 - action_logger - INFO - Test finished with ID: 4171cda5-5ddb-47b0-8405-5e6753bed88b
2024-04-29 03:37:53,883 - action_logger - INFO - Test created with ID: dd6a2822-9635-4ca6-89b6-1437e6e7d08c
2024-04-29 03:37:53,895 - action_logger - INFO - Test finished with ID: dd6a2822-9635-4ca6-89b6-1437e6e7d08c
2024-04-29 03:37:53,907 - action_logger - INFO - Test created with ID: 054b45e1-1f97-4707-9067-f84dddae3cb2
2024-04-29 03:37:53,937 - action_logger - INFO - Test finished with ID: 054b45e1-1f97-4707-9067-f84dddae3cb2
2024-04-29 03:37:53,947 - action_logger - INFO - Test created with ID: 209f24d3-554e-4365-8c3e-29940ff3dc34
2024-04-29 03:37:53,961 - action_logger - INFO - Test finished with ID: 209f24d3-554e-4365-8c3e-29940ff3dc34
2024-04-29 03:37:53,972 - action_logger - INFO - Test created with ID: a3ed03d9-f78d-44ad-9333-1716b454b2f9
2024-04-29 03:37:53,984 - action_logger - INFO - Test finished with ID: a3ed03d9-f78d-44ad-9333-1716b454b2f9
2024-04-29 03:37:53,995 - action_logger - INFO - Test created with ID: 2784ee00-9aec-4e01-a803-f264611e12d2
2024-04-29 03:37:54,006 - action_logger - INFO - Test finished with ID: 2784ee00-9aec-4e01-a803-f264611e12d2
2024-04-29 03:37:54,019 - action_logger - INFO - Test created with ID: 69017d3b-7e8e-4584-977d-d6a2cd5060b5
2024-04-29 03:37:54,034 - action_logger - INFO - Test finished with ID: 69017d3b-7e8e-4584-977d-d6a2cd5060b5
2024-04-29 03:37:54,047 - action_logger - INFO - Test created with ID: f8c30a57-b003-4574-a044-b5d3a8e69e17
2024-04-29 03:37:54,281 - action_logger - INFO - Test finished with ID: f8c30a57-b003-4574-a044-b5d3a8e69e17
2024-04-29 03:37:54,303 - action_logger - INFO - Test run finished with ID: 1de27b73-30ac-4ad0-afbe-45d054e3e5ea
2024-04-29 03:41:28,039 - action_logger - INFO - Test run created with ID: 853c24a4-a1ca-4d7c-9e87-5f707d3a064a
2024-04-29 03:41:28,220 - action_logger - INFO - Test created with ID: 10a2e0c0-b135-453b-9351-6be38c5fd5af
2024-04-29 03:41:28,239 - action_logger - INFO - Test finished with ID: 10a2e0c0-b135-453b-9351-6be38c5fd5af
2024-04-29 03:41:28,254 - action_logger - INFO - Test created with ID: 78381305-a44d-41c8-83a6-793d7cf23432
2024-04-29 03:41:28,267 - action_logger - INFO - Test finished with ID: 78381305-a44d-41c8-83a6-793d7cf23432
2024-04-29 03:41:28,280 - action_logger - INFO - Test created with ID: 4e3e5c16-688b-40df-af72-28dee1ce925a
2024-04-29 03:41:28,296 - action_logger - INFO - Test finished with ID: 4e3e5c16-688b-40df-af72-28dee1ce925a
2024-04-29 03:41:28,309 - action_logger - INFO - Test created with ID: 067d076b-31bc-45ac-b6e5-79c9b432cb23
2024-04-29 03:41:28,349 - action_logger - INFO - Test finished with ID: 067d076b-31bc-45ac-b6e5-79c9b432cb23
2024-04-29 03:41:28,364 - action_logger - INFO - Test created with ID: a6099b26-c553-4af5-93a4-9d8fb36769c8
2024-04-29 03:41:28,379 - action_logger - INFO - Test finished with ID: a6099b26-c553-4af5-93a4-9d8fb36769c8
2024-04-29 03:41:28,394 - action_logger - INFO - Test created with ID: b4068139-fd40-4e45-9ef3-3e307ac605b1
2024-04-29 03:41:28,410 - action_logger - INFO - Test finished with ID: b4068139-fd40-4e45-9ef3-3e307ac605b1
2024-04-29 03:41:28,421 - action_logger - INFO - Test created with ID: bda3a73e-c0e4-4030-baae-6f025edad7f1
2024-04-29 03:41:28,435 - action_logger - INFO - Test finished with ID: bda3a73e-c0e4-4030-baae-6f025edad7f1
2024-04-29 03:41:28,446 - action_logger - INFO - Test created with ID: fa42bb0e-802f-4db6-ad61-28fb15f12841
2024-04-29 03:41:28,463 - action_logger - INFO - Test finished with ID: fa42bb0e-802f-4db6-ad61-28fb15f12841
2024-04-29 03:41:28,476 - action_logger - INFO - Test created with ID: 7ad51cfa-58ab-47b1-9235-0ec2ca0b63e7
2024-04-29 03:41:28,934 - action_logger - INFO - Test finished with ID: 7ad51cfa-58ab-47b1-9235-0ec2ca0b63e7
2024-04-29 03:41:28,955 - action_logger - INFO - Test run finished with ID: 853c24a4-a1ca-4d7c-9e87-5f707d3a064a
2024-04-29 03:48:12,412 - action_logger - INFO - Test run created with ID: 58fbb637-4be6-4698-a051-88b273366b4c
2024-04-29 03:48:12,504 - action_logger - INFO - Test created with ID: a7d14adc-97d6-4711-9f8f-ca0d16280a56
2024-04-29 03:48:12,522 - action_logger - INFO - Test finished with ID: a7d14adc-97d6-4711-9f8f-ca0d16280a56
2024-04-29 03:48:12,538 - action_logger - INFO - Test created with ID: d0f26b95-5199-41cb-af8c-6db59315fc9c
2024-04-29 03:48:12,553 - action_logger - INFO - Test finished with ID: d0f26b95-5199-41cb-af8c-6db59315fc9c
2024-04-29 03:48:12,564 - action_logger - INFO - Test created with ID: 25efb6e2-9637-45c7-bf21-e699b0bd52cb
2024-04-29 03:48:12,576 - action_logger - INFO - Test finished with ID: 25efb6e2-9637-45c7-bf21-e699b0bd52cb
2024-04-29 03:48:12,590 - action_logger - INFO - Test created with ID: 749741d6-8df8-4b42-bd27-46526fe22a3c
2024-04-29 03:48:12,619 - action_logger - INFO - Test finished with ID: 749741d6-8df8-4b42-bd27-46526fe22a3c
2024-04-29 03:48:12,630 - action_logger - INFO - Test created with ID: 45da4958-c0b9-484a-9572-5cdeba4b1d86
2024-04-29 03:48:12,644 - action_logger - INFO - Test finished with ID: 45da4958-c0b9-484a-9572-5cdeba4b1d86
2024-04-29 03:48:12,652 - action_logger - INFO - Test created with ID: 7a60c74f-fcd4-4cf4-9461-d631d2518c0d
2024-04-29 03:48:12,664 - action_logger - INFO - Test finished with ID: 7a60c74f-fcd4-4cf4-9461-d631d2518c0d
2024-04-29 03:48:12,673 - action_logger - INFO - Test created with ID: 3d3117e8-6976-453a-8dc7-8ac29c99d542
2024-04-29 03:48:12,684 - action_logger - INFO - Test finished with ID: 3d3117e8-6976-453a-8dc7-8ac29c99d542
2024-04-29 03:48:12,694 - action_logger - INFO - Test created with ID: d2336d6d-c893-48fd-a27b-3281517fec7f
2024-04-29 03:48:12,711 - action_logger - INFO - Test finished with ID: d2336d6d-c893-48fd-a27b-3281517fec7f
2024-04-29 03:48:12,730 - action_logger - INFO - Test created with ID: e747df19-6045-4f50-9405-26fc841fdb2d
2024-04-29 03:48:12,964 - action_logger - INFO - Test finished with ID: e747df19-6045-4f50-9405-26fc841fdb2d
2024-04-29 03:48:12,986 - action_logger - INFO - Test run finished with ID: 58fbb637-4be6-4698-a051-88b273366b4c
2024-04-29 03:51:17,163 - action_logger - INFO - Test run created with ID: 872445b6-8db2-47e0-aed1-b3065b9112c2
2024-04-29 03:51:17,210 - action_logger - INFO - Test run created with ID: 7fe9227f-b77e-4c24-b438-f7b98b847c82
2024-04-29 03:51:17,250 - action_logger - INFO - Test run created with ID: 5a0bf10c-8eda-4b81-be6d-150f956d9621
2024-04-29 03:51:17,318 - action_logger - INFO - Test run created with ID: 7b103be3-d28e-4e5b-b79e-9e9d834fe7c9
2024-04-29 03:51:17,361 - action_logger - INFO - Test run created with ID: 737acc6f-b319-4b9e-8aa2-830f09fa0181
2024-04-29 03:51:17,373 - action_logger - INFO - Test run created with ID: 1c076a68-e4cd-46d5-bf0e-61c0f33d35ab
2024-04-29 03:51:17,440 - action_logger - INFO - Test run created with ID: 579ca3cf-5d12-4474-a9bd-7393ff404f31
2024-04-29 03:51:17,613 - action_logger - INFO - Test run created with ID: e47c47d8-6582-47a3-933b-b94ef5764498
2024-04-29 03:51:17,623 - action_logger - INFO - Test run created with ID: d3909ae7-d6ea-4c7c-a906-b4d2c13de284
2024-04-29 03:51:17,677 - action_logger - INFO - Test run created with ID: d155ac64-f742-4266-a92c-f91ed34c5d78
2024-04-29 03:51:17,774 - action_logger - INFO - Test run created with ID: c3d71d86-7ead-46bd-b7c5-a1254d789f95
2024-04-29 03:51:17,787 - action_logger - INFO - Test run created with ID: f9261170-cd45-496f-95ba-d9c8656ffd52
2024-04-29 03:51:17,799 - action_logger - INFO - Test run created with ID: 653fa048-4e59-4f6c-aa70-8830f4ade109
2024-04-29 03:51:17,838 - action_logger - INFO - Test run created with ID: f9a954ca-be5b-482e-bf42-f114ce5b58ec
2024-04-29 03:51:17,909 - action_logger - INFO - Test run created with ID: 4c9f00e2-94bf-40f3-bc38-34b3fe0779d6
2024-04-29 03:51:17,964 - action_logger - INFO - Test run created with ID: b117f36f-08af-451d-9044-2ce00b38e920
2024-04-29 03:51:18,177 - action_logger - INFO - Test run finished with ID: d155ac64-f742-4266-a92c-f91ed34c5d78
2024-04-29 03:51:18,188 - action_logger - INFO - Test run finished with ID: 653fa048-4e59-4f6c-aa70-8830f4ade109
2024-04-29 03:51:18,199 - action_logger - INFO - Test run finished with ID: f9a954ca-be5b-482e-bf42-f114ce5b58ec
2024-04-29 03:51:18,208 - action_logger - INFO - Test run finished with ID: b117f36f-08af-451d-9044-2ce00b38e920
2024-04-29 03:51:18,215 - action_logger - INFO - Test created with ID: c855c1d8-161d-4019-b15c-382b4ad8bce4
2024-04-29 03:51:18,223 - action_logger - INFO - Test created with ID: 2152c356-50ef-445f-b8ca-a8fa1623fdc3
2024-04-29 03:51:18,237 - action_logger - INFO - Test run finished with ID: c3d71d86-7ead-46bd-b7c5-a1254d789f95
2024-04-29 03:51:18,248 - action_logger - INFO - Test created with ID: 36198a20-0c55-4642-9f53-c031f9f39686
2024-04-29 03:51:18,257 - action_logger - INFO - Test created with ID: 2fedf796-2fce-48fe-ac43-fdb31d8f61db
2024-04-29 03:51:18,265 - action_logger - INFO - Test created with ID: f4a1558f-ffce-496c-bbad-d6ee9cb648b5
2024-04-29 03:51:18,275 - action_logger - INFO - Test created with ID: 2a829aed-6817-4c6b-9668-83f5e21edbaf
2024-04-29 03:51:18,283 - action_logger - INFO - Test created with ID: 1cc3fd34-42d0-4444-9a2c-d1d9396e45ba
2024-04-29 03:51:18,292 - action_logger - INFO - Test run finished with ID: 4c9f00e2-94bf-40f3-bc38-34b3fe0779d6
2024-04-29 03:51:18,300 - action_logger - INFO - Test created with ID: 231f79b4-c577-479a-8282-b87f34d224ee
2024-04-29 03:51:18,315 - action_logger - INFO - Test run finished with ID: f9261170-cd45-496f-95ba-d9c8656ffd52
2024-04-29 03:51:18,323 - action_logger - INFO - Test created with ID: 2f7b9715-bffa-427f-8a78-df953b5a5a24
2024-04-29 03:51:18,336 - action_logger - INFO - Test finished with ID: c855c1d8-161d-4019-b15c-382b4ad8bce4
2024-04-29 03:51:18,349 - action_logger - INFO - Test finished with ID: 2152c356-50ef-445f-b8ca-a8fa1623fdc3
2024-04-29 03:51:18,359 - action_logger - INFO - Test finished with ID: 2fedf796-2fce-48fe-ac43-fdb31d8f61db
2024-04-29 03:51:18,368 - action_logger - INFO - Test finished with ID: 36198a20-0c55-4642-9f53-c031f9f39686
2024-04-29 03:51:18,378 - action_logger - INFO - Test finished with ID: 2a829aed-6817-4c6b-9668-83f5e21edbaf
2024-04-29 03:51:18,389 - action_logger - INFO - Test finished with ID: f4a1558f-ffce-496c-bbad-d6ee9cb648b5
2024-04-29 03:51:18,401 - action_logger - INFO - Test finished with ID: 1cc3fd34-42d0-4444-9a2c-d1d9396e45ba
2024-04-29 03:51:18,411 - action_logger - INFO - Test finished with ID: 2f7b9715-bffa-427f-8a78-df953b5a5a24
2024-04-29 03:51:18,422 - action_logger - INFO - Test run finished with ID: 872445b6-8db2-47e0-aed1-b3065b9112c2
2024-04-29 03:51:18,431 - action_logger - INFO - Test run finished with ID: 5a0bf10c-8eda-4b81-be6d-150f956d9621
2024-04-29 03:51:18,440 - action_logger - INFO - Test run finished with ID: 7fe9227f-b77e-4c24-b438-f7b98b847c82
2024-04-29 03:51:18,450 - action_logger - INFO - Test run finished with ID: 7b103be3-d28e-4e5b-b79e-9e9d834fe7c9
2024-04-29 03:51:18,459 - action_logger - INFO - Test run finished with ID: 1c076a68-e4cd-46d5-bf0e-61c0f33d35ab
2024-04-29 03:51:18,469 - action_logger - INFO - Test run finished with ID: e47c47d8-6582-47a3-933b-b94ef5764498
2024-04-29 03:51:18,479 - action_logger - INFO - Test run finished with ID: 737acc6f-b319-4b9e-8aa2-830f09fa0181
2024-04-29 03:51:18,489 - action_logger - INFO - Test run finished with ID: 579ca3cf-5d12-4474-a9bd-7393ff404f31
2024-04-29 03:51:18,815 - action_logger - INFO - Test finished with ID: 231f79b4-c577-479a-8282-b87f34d224ee
2024-04-29 03:51:18,848 - action_logger - INFO - Test run finished with ID: d3909ae7-d6ea-4c7c-a906-b4d2c13de284
2024-04-29 03:52:43,494 - action_logger - INFO - Test run created with ID: 97a473f7-5eb9-477c-b7a9-9617356d637c
2024-04-29 03:52:43,719 - action_logger - INFO - Test run created with ID: 6cee8402-55fa-423c-a75d-4d620dc360ca
2024-04-29 03:52:43,765 - action_logger - INFO - Test run created with ID: 9ffcb16f-752b-4c93-8a70-5ad6c016e461
2024-04-29 03:52:43,933 - action_logger - INFO - Test created with ID: 08a365aa-ebba-48b5-95dc-db892531e23c
2024-04-29 03:52:43,943 - action_logger - INFO - Test created with ID: 17a3c443-31cd-407a-a38b-1983f9372fd2
2024-04-29 03:52:43,959 - action_logger - INFO - Test finished with ID: 08a365aa-ebba-48b5-95dc-db892531e23c
2024-04-29 03:52:43,971 - action_logger - INFO - Test finished with ID: 17a3c443-31cd-407a-a38b-1983f9372fd2
2024-04-29 03:52:43,981 - action_logger - INFO - Test created with ID: c5eeed7a-e2ff-43a0-bfdf-f3cf1189e051
2024-04-29 03:52:43,989 - action_logger - INFO - Test created with ID: 4555fbab-3b7b-48ed-bf6e-364553c1857d
2024-04-29 03:52:44,004 - action_logger - INFO - Test finished with ID: 4555fbab-3b7b-48ed-bf6e-364553c1857d
2024-04-29 03:52:44,018 - action_logger - INFO - Test created with ID: fbd107c7-e36c-45b1-86b8-cecb4bda372c
2024-04-29 03:52:44,030 - action_logger - INFO - Test finished with ID: c5eeed7a-e2ff-43a0-bfdf-f3cf1189e051
2024-04-29 03:52:44,041 - action_logger - INFO - Test finished with ID: fbd107c7-e36c-45b1-86b8-cecb4bda372c
2024-04-29 03:52:44,053 - action_logger - INFO - Test created with ID: ca6a402f-adb1-4ec3-88be-c531e3dce411
2024-04-29 03:52:44,061 - action_logger - INFO - Test created with ID: 1bee5b40-9a6e-42f1-8d01-3f9eab3a7a00
2024-04-29 03:52:44,072 - action_logger - INFO - Test finished with ID: ca6a402f-adb1-4ec3-88be-c531e3dce411
2024-04-29 03:52:44,083 - action_logger - INFO - Test finished with ID: 1bee5b40-9a6e-42f1-8d01-3f9eab3a7a00
2024-04-29 03:52:44,092 - action_logger - INFO - Test created with ID: 967681bb-7a26-4a50-9463-4c6767740eb3
2024-04-29 03:52:44,102 - action_logger - INFO - Test created with ID: fdcc601a-254d-4bc2-b2aa-c5fd2f2faa62
2024-04-29 03:52:44,113 - action_logger - INFO - Test finished with ID: 967681bb-7a26-4a50-9463-4c6767740eb3
2024-04-29 03:52:44,130 - action_logger - INFO - Test run finished with ID: 9ffcb16f-752b-4c93-8a70-5ad6c016e461
2024-04-29 03:52:44,580 - action_logger - INFO - Test finished with ID: fdcc601a-254d-4bc2-b2aa-c5fd2f2faa62
2024-04-29 03:52:44,597 - action_logger - INFO - Test run finished with ID: 6cee8402-55fa-423c-a75d-4d620dc360ca
2024-04-29 03:52:44,840 - action_logger - INFO - Test run finished with ID: 97a473f7-5eb9-477c-b7a9-9617356d637c
2024-04-29 03:53:04,900 - action_logger - INFO - Test run created with ID: d78ae850-b1ee-40f8-927e-99cc1d18bbb1
2024-04-29 03:53:05,247 - action_logger - INFO - Test run created with ID: ce707be1-d858-4a9e-8297-170757eb2b23
2024-04-29 03:53:05,286 - action_logger - INFO - Test run created with ID: c3f5f89d-4e4c-4ec8-92d1-a12eb6144a67
2024-04-29 03:53:05,335 - action_logger - INFO - Test run created with ID: 9a7ee4b4-776d-47e4-8844-4598636c5b06
2024-04-29 03:53:05,518 - action_logger - INFO - Test created with ID: 9acc0317-040d-41f7-b596-b92917532436
2024-04-29 03:53:05,526 - action_logger - INFO - Test created with ID: c0fcc6c2-8e45-4808-a222-93b478c32c58
2024-04-29 03:53:05,534 - action_logger - INFO - Test created with ID: 02a8d3c7-cfc9-482d-bff3-0508e94ba8bb
2024-04-29 03:53:05,547 - action_logger - INFO - Test finished with ID: c0fcc6c2-8e45-4808-a222-93b478c32c58
2024-04-29 03:53:05,559 - action_logger - INFO - Test finished with ID: 02a8d3c7-cfc9-482d-bff3-0508e94ba8bb
2024-04-29 03:53:05,572 - action_logger - INFO - Test finished with ID: 9acc0317-040d-41f7-b596-b92917532436
2024-04-29 03:53:05,581 - action_logger - INFO - Test created with ID: 945db966-faf5-4647-9f4a-c22c8aca3a69
2024-04-29 03:53:05,589 - action_logger - INFO - Test created with ID: c96cfa2f-2103-4b5f-b14d-af9f2dd8eec4
2024-04-29 03:53:05,597 - action_logger - INFO - Test created with ID: 5a92930c-990d-46d2-bba6-99776f79c605
2024-04-29 03:53:05,608 - action_logger - INFO - Test finished with ID: 945db966-faf5-4647-9f4a-c22c8aca3a69
2024-04-29 03:53:05,618 - action_logger - INFO - Test finished with ID: 5a92930c-990d-46d2-bba6-99776f79c605
2024-04-29 03:53:05,627 - action_logger - INFO - Test created with ID: 7b9d24da-8c3f-400e-8bd4-7450275d396d
2024-04-29 03:53:05,639 - action_logger - INFO - Test finished with ID: c96cfa2f-2103-4b5f-b14d-af9f2dd8eec4
2024-04-29 03:53:05,648 - action_logger - INFO - Test created with ID: 57c83309-934f-4da5-a136-a4ce4b7315e3
2024-04-29 03:53:05,659 - action_logger - INFO - Test finished with ID: 7b9d24da-8c3f-400e-8bd4-7450275d396d
2024-04-29 03:53:05,670 - action_logger - INFO - Test created with ID: b17cc7a7-fc7d-45d6-8582-57b6fd10e859
2024-04-29 03:53:05,680 - action_logger - INFO - Test run finished with ID: ce707be1-d858-4a9e-8297-170757eb2b23
2024-04-29 03:53:05,693 - action_logger - INFO - Test finished with ID: b17cc7a7-fc7d-45d6-8582-57b6fd10e859
2024-04-29 03:53:05,710 - action_logger - INFO - Test run finished with ID: c3f5f89d-4e4c-4ec8-92d1-a12eb6144a67
2024-04-29 03:53:06,105 - action_logger - INFO - Test finished with ID: 57c83309-934f-4da5-a136-a4ce4b7315e3
2024-04-29 03:53:06,122 - action_logger - INFO - Test run finished with ID: 9a7ee4b4-776d-47e4-8844-4598636c5b06
2024-04-29 03:53:06,347 - action_logger - INFO - Test run finished with ID: d78ae850-b1ee-40f8-927e-99cc1d18bbb1
2024-04-29 03:53:57,550 - action_logger - INFO - Test run created with ID: 891b8b6d-f9f5-46fa-a9be-0a43bbf15f80
2024-04-29 03:53:57,775 - action_logger - INFO - Test run created with ID: d262c042-a694-4381-818c-4bfafc94db44
2024-04-29 03:53:57,816 - action_logger - INFO - Test run created with ID: 1ec135fc-ffb2-4268-b54a-4ae0953d599b
2024-04-29 03:53:57,853 - action_logger - INFO - Test run created with ID: 0f5b2c14-b5b2-4f07-83d0-81055697678d
2024-04-29 03:53:57,909 - action_logger - INFO - Test run created with ID: 9f6a0049-5a97-46af-a4b3-3a62d3d81ad7
2024-04-29 03:53:58,093 - action_logger - INFO - Test created with ID: ef7416e5-edef-44fd-b8ed-d75716421ffd
2024-04-29 03:53:58,103 - action_logger - INFO - Test created with ID: af5030ae-4278-4b5b-bea0-34e9e77bb7be
2024-04-29 03:53:58,113 - action_logger - INFO - Test created with ID: dbb85299-ce94-48c0-a448-49f52ee5f2ce
2024-04-29 03:53:58,123 - action_logger - INFO - Test created with ID: 1c77e675-6fe4-4990-ac21-2f4ad7b9c268
2024-04-29 03:53:58,134 - action_logger - INFO - Test finished with ID: ef7416e5-edef-44fd-b8ed-d75716421ffd
2024-04-29 03:53:58,143 - action_logger - INFO - Test finished with ID: af5030ae-4278-4b5b-bea0-34e9e77bb7be
2024-04-29 03:53:58,153 - action_logger - INFO - Test finished with ID: 1c77e675-6fe4-4990-ac21-2f4ad7b9c268
2024-04-29 03:53:58,162 - action_logger - INFO - Test created with ID: 2f450f0a-3a21-45e6-bac2-4ecd883a6a82
2024-04-29 03:53:58,172 - action_logger - INFO - Test finished with ID: dbb85299-ce94-48c0-a448-49f52ee5f2ce
2024-04-29 03:53:58,181 - action_logger - INFO - Test created with ID: 272590b6-0085-45c7-bb33-ddd1a5ad6ca1
2024-04-29 03:53:58,190 - action_logger - INFO - Test created with ID: 63b7437e-8fe9-4024-8aef-246a56e6d20d
2024-04-29 03:53:58,198 - action_logger - INFO - Test created with ID: 01d53163-1731-4868-92e3-ed18f1b0fc48
2024-04-29 03:53:58,208 - action_logger - INFO - Test finished with ID: 63b7437e-8fe9-4024-8aef-246a56e6d20d
2024-04-29 03:53:58,221 - action_logger - INFO - Test finished with ID: 2f450f0a-3a21-45e6-bac2-4ecd883a6a82
2024-04-29 03:53:58,234 - action_logger - INFO - Test finished with ID: 01d53163-1731-4868-92e3-ed18f1b0fc48
2024-04-29 03:53:58,245 - action_logger - INFO - Test run finished with ID: d262c042-a694-4381-818c-4bfafc94db44
2024-04-29 03:53:58,256 - action_logger - INFO - Test finished with ID: 272590b6-0085-45c7-bb33-ddd1a5ad6ca1
2024-04-29 03:53:58,269 - action_logger - INFO - Test created with ID: bfa434db-c7ee-4f03-90ed-b7b29338e7f4
2024-04-29 03:53:58,280 - action_logger - INFO - Test run finished with ID: 0f5b2c14-b5b2-4f07-83d0-81055697678d
2024-04-29 03:53:58,291 - action_logger - INFO - Test run finished with ID: 1ec135fc-ffb2-4268-b54a-4ae0953d599b
2024-04-29 03:53:58,725 - action_logger - INFO - Test finished with ID: bfa434db-c7ee-4f03-90ed-b7b29338e7f4
2024-04-29 03:53:58,744 - action_logger - INFO - Test run finished with ID: 9f6a0049-5a97-46af-a4b3-3a62d3d81ad7
2024-04-29 03:53:58,988 - action_logger - INFO - Test run finished with ID: 891b8b6d-f9f5-46fa-a9be-0a43bbf15f80
2024-04-29 03:58:32,382 - action_logger - INFO - Test run created with ID: 3da0a801-baea-4c5b-a966-0fad6630ec03
2024-04-29 03:58:32,605 - action_logger - INFO - Test run created with ID: 6bf6ce55-bbe2-4f6a-bfca-8c0d1f393b7e
2024-04-29 03:58:32,650 - action_logger - INFO - Test run created with ID: 03e8cca0-be17-47f4-901c-38833a353abf
2024-04-29 03:58:32,677 - action_logger - INFO - Test run created with ID: 18cec5c4-e5a7-4908-ae57-394908a58817
2024-04-29 03:58:32,770 - action_logger - INFO - Test run created with ID: ec73b13b-2f2a-403d-bbb1-d1d2181bf1d2
2024-04-29 03:58:32,781 - action_logger - INFO - Test run created with ID: 3ba4c617-15eb-4387-9c21-938d862af58b
2024-04-29 03:58:32,814 - action_logger - INFO - Test run created with ID: 56fa2fd0-79d4-444c-9b39-93f9bbf0699b
2024-04-29 03:58:32,837 - action_logger - INFO - Test run created with ID: a571fc9a-b4e8-4480-a966-02b91793f328
2024-04-29 03:58:32,975 - action_logger - INFO - Test run created with ID: 1624fb39-aa0d-4325-b6d6-77887325faed
2024-04-29 03:58:32,986 - action_logger - INFO - Test run created with ID: 237be0bc-19a0-420e-8881-0bd29d0898c9
2024-04-29 03:58:32,999 - action_logger - INFO - Test run created with ID: 6cfe62d1-d1d3-478a-a3c8-90c0aa169adb
2024-04-29 03:58:33,066 - action_logger - INFO - Test run created with ID: 9b47f6ea-7a3f-4518-b403-81e3efdf7e60
2024-04-29 03:58:33,077 - action_logger - INFO - Test run created with ID: 5035aea7-906c-475f-a480-cef4f9348214
2024-04-29 03:58:33,114 - action_logger - INFO - Test run created with ID: 70b06c41-3bbe-4ed7-a237-bb5467b1eb8d
2024-04-29 03:58:33,165 - action_logger - INFO - Test run created with ID: a87970b4-3684-4789-8534-a79b35e21c13
2024-04-29 03:58:33,174 - action_logger - INFO - Test run created with ID: 2ba53b8e-fab6-4cbb-892e-f134099bb7d2
2024-04-29 03:58:33,198 - action_logger - INFO - Test run created with ID: 30c3eaed-7ffc-4a80-a5ec-144870f2c2fd
2024-04-29 03:58:33,301 - action_logger - INFO - Test created with ID: db89147e-390e-40f3-8438-605e1f7a5abd
2024-04-29 03:58:33,309 - action_logger - INFO - Test run finished with ID: 9b47f6ea-7a3f-4518-b403-81e3efdf7e60
2024-04-29 03:58:33,318 - action_logger - INFO - Test run finished with ID: 6cfe62d1-d1d3-478a-a3c8-90c0aa169adb
2024-04-29 03:58:33,326 - action_logger - INFO - Test created with ID: 235f5135-125c-42e1-8de4-c45392afabc1
2024-04-29 03:58:33,334 - action_logger - INFO - Test created with ID: 55452cc0-7a9f-4988-9af1-136a7f5e2157
2024-04-29 03:58:33,343 - action_logger - INFO - Test created with ID: 987c64d8-d8dd-4771-b6bf-4b356423814a
2024-04-29 03:58:33,350 - action_logger - INFO - Test created with ID: 84f55c7d-057a-49fa-b09a-8ab84014e8e2
2024-04-29 03:58:33,360 - action_logger - INFO - Test run finished with ID: 70b06c41-3bbe-4ed7-a237-bb5467b1eb8d
2024-04-29 03:58:33,369 - action_logger - INFO - Test run finished with ID: 5035aea7-906c-475f-a480-cef4f9348214
2024-04-29 03:58:33,377 - action_logger - INFO - Test created with ID: 398a374a-d236-4bc2-9fee-e5ec5abf9afb
2024-04-29 03:58:33,385 - action_logger - INFO - Test run finished with ID: 2ba53b8e-fab6-4cbb-892e-f134099bb7d2
2024-04-29 03:58:33,394 - action_logger - INFO - Test created with ID: f79aa8a3-cb31-42bb-9329-3aef04df6262
2024-04-29 03:58:33,405 - action_logger - INFO - Test run finished with ID: 30c3eaed-7ffc-4a80-a5ec-144870f2c2fd
2024-04-29 03:58:33,413 - action_logger - INFO - Test created with ID: 194372dd-8d96-42c8-914a-96a889b7e5fe
2024-04-29 03:58:33,422 - action_logger - INFO - Test created with ID: 681d8606-7ff9-4930-9b36-d7f0b0cc5a44
2024-04-29 03:58:33,432 - action_logger - INFO - Test run finished with ID: a87970b4-3684-4789-8534-a79b35e21c13
2024-04-29 03:58:33,447 - action_logger - INFO - Test finished with ID: db89147e-390e-40f3-8438-605e1f7a5abd
2024-04-29 03:58:33,456 - action_logger - INFO - Test finished with ID: 235f5135-125c-42e1-8de4-c45392afabc1
2024-04-29 03:58:33,464 - action_logger - INFO - Test finished with ID: 55452cc0-7a9f-4988-9af1-136a7f5e2157
2024-04-29 03:58:33,473 - action_logger - INFO - Test finished with ID: 987c64d8-d8dd-4771-b6bf-4b356423814a
2024-04-29 03:58:33,483 - action_logger - INFO - Test finished with ID: 398a374a-d236-4bc2-9fee-e5ec5abf9afb
2024-04-29 03:58:33,492 - action_logger - INFO - Test finished with ID: f79aa8a3-cb31-42bb-9329-3aef04df6262
2024-04-29 03:58:33,501 - action_logger - INFO - Test finished with ID: 194372dd-8d96-42c8-914a-96a889b7e5fe
2024-04-29 03:58:33,513 - action_logger - INFO - Test finished with ID: 681d8606-7ff9-4930-9b36-d7f0b0cc5a44
2024-04-29 03:58:33,521 - action_logger - INFO - Test run finished with ID: ec73b13b-2f2a-403d-bbb1-d1d2181bf1d2
2024-04-29 03:58:33,532 - action_logger - INFO - Test run finished with ID: 6bf6ce55-bbe2-4f6a-bfca-8c0d1f393b7e
2024-04-29 03:58:33,542 - action_logger - INFO - Test run finished with ID: 03e8cca0-be17-47f4-901c-38833a353abf
2024-04-29 03:58:33,550 - action_logger - INFO - Test run finished with ID: a571fc9a-b4e8-4480-a966-02b91793f328
2024-04-29 03:58:33,559 - action_logger - INFO - Test run finished with ID: 56fa2fd0-79d4-444c-9b39-93f9bbf0699b
2024-04-29 03:58:33,567 - action_logger - INFO - Test run finished with ID: 18cec5c4-e5a7-4908-ae57-394908a58817
2024-04-29 03:58:33,575 - action_logger - INFO - Test run finished with ID: 3ba4c617-15eb-4387-9c21-938d862af58b
2024-04-29 03:58:33,584 - action_logger - INFO - Test run finished with ID: 1624fb39-aa0d-4325-b6d6-77887325faed
2024-04-29 03:58:33,609 - action_logger - INFO - Test finished with ID: 84f55c7d-057a-49fa-b09a-8ab84014e8e2
2024-04-29 03:58:33,643 - action_logger - INFO - Test run finished with ID: 237be0bc-19a0-420e-8881-0bd29d0898c9
2024-04-29 03:58:34,010 - action_logger - INFO - Test run finished with ID: 3da0a801-baea-4c5b-a966-0fad6630ec03
2024-04-29 04:01:47,608 - action_logger - INFO - Test run created with ID: e60946d6-ea62-4ae4-95df-d563ede35dd4
2024-04-29 04:01:47,851 - action_logger - INFO - Test run created with ID: 1757ac8b-9c1a-47a2-b086-8a2d9a021ec5
2024-04-29 04:01:47,896 - action_logger - INFO - Test run created with ID: 0f148f48-508a-47fd-a39c-e5d2e923d3f1
2024-04-29 04:01:48,071 - action_logger - INFO - Test created with ID: 37487d30-6396-453f-8eea-67b6db23117a
2024-04-29 04:01:48,080 - action_logger - INFO - Test created with ID: e3145f52-6dfc-4be3-a017-017dd59e0f45
2024-04-29 04:01:48,090 - action_logger - INFO - Test finished with ID: 37487d30-6396-453f-8eea-67b6db23117a
2024-04-29 04:01:48,100 - action_logger - INFO - Test finished with ID: e3145f52-6dfc-4be3-a017-017dd59e0f45
2024-04-29 04:01:48,110 - action_logger - INFO - Test created with ID: e3136755-e658-4308-bd25-f84aa813ddea
2024-04-29 04:01:48,120 - action_logger - INFO - Test created with ID: 56327674-5220-4d58-8625-e5780ee8b9f5
2024-04-29 04:01:48,137 - action_logger - INFO - Test finished with ID: 56327674-5220-4d58-8625-e5780ee8b9f5
2024-04-29 04:01:48,151 - action_logger - INFO - Test finished with ID: e3136755-e658-4308-bd25-f84aa813ddea
2024-04-29 04:01:48,158 - action_logger - INFO - Test created with ID: aed182bf-df69-4566-9314-51974ddfa92c
2024-04-29 04:01:48,170 - action_logger - INFO - Test created with ID: 98cdd807-645c-45d1-8a93-ff0d1a3f7a73
2024-04-29 04:01:48,180 - action_logger - INFO - Test finished with ID: aed182bf-df69-4566-9314-51974ddfa92c
2024-04-29 04:01:48,189 - action_logger - INFO - Test finished with ID: 98cdd807-645c-45d1-8a93-ff0d1a3f7a73
2024-04-29 04:01:48,198 - action_logger - INFO - Test created with ID: cfad0f2b-daab-40bb-952a-886baf4e2252
2024-04-29 04:01:48,208 - action_logger - INFO - Test created with ID: e3eb4cda-9cb7-4161-9994-76a9b068a938
2024-04-29 04:01:48,218 - action_logger - INFO - Test finished with ID: cfad0f2b-daab-40bb-952a-886baf4e2252
2024-04-29 04:01:48,230 - action_logger - INFO - Test finished with ID: e3eb4cda-9cb7-4161-9994-76a9b068a938
2024-04-29 04:01:48,238 - action_logger - INFO - Test created with ID: f34f88e5-7611-493a-b8e6-bb19e8ac946a
2024-04-29 04:01:48,248 - action_logger - INFO - Test run finished with ID: 0f148f48-508a-47fd-a39c-e5d2e923d3f1
2024-04-29 04:01:48,716 - action_logger - INFO - Test finished with ID: f34f88e5-7611-493a-b8e6-bb19e8ac946a
2024-04-29 04:01:48,735 - action_logger - INFO - Test run finished with ID: 1757ac8b-9c1a-47a2-b086-8a2d9a021ec5
2024-04-29 04:01:48,947 - action_logger - INFO - Test run finished with ID: e60946d6-ea62-4ae4-95df-d563ede35dd4
2024-04-29 04:45:43,531 - action_logger - INFO - Test run created with ID: fef1f1dd-f32a-42a7-895c-d50e6d8de5a1
2024-04-29 04:45:43,738 - action_logger - INFO - Test run created with ID: 69c91a3c-5cb2-4851-b9cb-f3259a8dbaf6
2024-04-29 04:45:43,767 - action_logger - INFO - Test run created with ID: e4a810d2-8d78-452a-8cce-a9ab1ca02e0a
2024-04-29 04:45:43,793 - action_logger - INFO - Test run created with ID: 06fc92c8-aff9-4f89-b2ae-fed5bd5cb4ce
2024-04-29 04:45:43,897 - action_logger - INFO - Test created with ID: 337fee0f-a9b5-45c1-9332-275333ead52c
2024-04-29 04:45:43,906 - action_logger - INFO - Test created with ID: 11d3d027-ee1a-4a73-b56f-5a29d2833c28
2024-04-29 04:45:43,914 - action_logger - INFO - Test created with ID: 7c035cec-d683-4a00-9b71-2d9ad77ceaea
2024-04-29 04:45:43,926 - action_logger - INFO - Test finished with ID: 11d3d027-ee1a-4a73-b56f-5a29d2833c28
2024-04-29 04:45:43,935 - action_logger - INFO - Test finished with ID: 337fee0f-a9b5-45c1-9332-275333ead52c
2024-04-29 04:45:43,945 - action_logger - INFO - Test finished with ID: 7c035cec-d683-4a00-9b71-2d9ad77ceaea
2024-04-29 04:45:43,955 - action_logger - INFO - Test created with ID: 01dfd00e-bb2c-4162-b26b-c1bb35ddb458
2024-04-29 04:45:43,966 - action_logger - INFO - Test created with ID: 5da6edc5-a11c-41f3-be85-c028a75ebd3c
2024-04-29 04:45:43,976 - action_logger - INFO - Test created with ID: 08e88f22-6427-4fd8-893d-a19204f8c31d
2024-04-29 04:45:43,988 - action_logger - INFO - Test finished with ID: 5da6edc5-a11c-41f3-be85-c028a75ebd3c
2024-04-29 04:45:43,999 - action_logger - INFO - Test finished with ID: 01dfd00e-bb2c-4162-b26b-c1bb35ddb458
2024-04-29 04:45:44,008 - action_logger - INFO - Test finished with ID: 08e88f22-6427-4fd8-893d-a19204f8c31d
2024-04-29 04:45:44,017 - action_logger - INFO - Test created with ID: 766e9553-24aa-425b-ad7b-63110829f57d
2024-04-29 04:45:44,026 - action_logger - INFO - Test created with ID: db9569b7-1bc8-4440-a1f6-cb1b4d31ba5c
2024-04-29 04:45:44,033 - action_logger - INFO - Test created with ID: 5da68a4d-0b7f-4fc2-85d4-ca105b9f0a06
2024-04-29 04:45:44,044 - action_logger - INFO - Test finished with ID: 766e9553-24aa-425b-ad7b-63110829f57d
2024-04-29 04:45:44,050 - action_logger - INFO - Test finished with ID: db9569b7-1bc8-4440-a1f6-cb1b4d31ba5c
2024-04-29 04:45:44,063 - action_logger - INFO - Test run finished with ID: 06fc92c8-aff9-4f89-b2ae-fed5bd5cb4ce
2024-04-29 04:45:44,071 - action_logger - INFO - Test run finished with ID: e4a810d2-8d78-452a-8cce-a9ab1ca02e0a
2024-04-29 04:45:44,282 - action_logger - INFO - Test finished with ID: 5da68a4d-0b7f-4fc2-85d4-ca105b9f0a06
2024-04-29 04:45:44,293 - action_logger - INFO - Test run finished with ID: 69c91a3c-5cb2-4851-b9cb-f3259a8dbaf6
2024-04-29 04:45:44,428 - action_logger - INFO - Test run finished with ID: fef1f1dd-f32a-42a7-895c-d50e6d8de5a1
